2023-01-20T14:55:17.706Z
cwd: ~/prototypes/fpl-probate-prototypes
package: govuk-prototype-kit@13.2.1
argv: /usr/bin/node ~/.npm/_npx/ab0cb2c39bc0319f/node_modules/.bin/govuk-prototype-kit migrate
Started [Check migration is being applied to a pre v13 prototype]
Succeeded [Check migration is being applied to a pre v13 prototype]
2023-01-20T14:55:28.275Z
cwd: ~/prototypes/fpl-probate-prototypes
package: govuk-prototype-kit@13.2.1
argv: /usr/bin/node ~/prototypes/fpl-probate-prototypes/node_modules/.bin/govuk-prototype-kit migrate -- ~/prototypes/fpl-probate-prototypes
Started [Migrate config.js to config.json]
Started [Update application SCSS file]
Started [Deleted files that are no longer needed]
Started [Deleted directories that are no longer needed]
Started [Delete listen-on-port.js]
Started [Delete server.js]
Started [Delete start.js]
Started [Delete VERSION.txt]
Started [Delete Procfile]
Started [Delete app/assets/sass/application-ie8.scss]
Started [Delete app/assets/sass/unbranded-ie8.scss]
Started [Remove unused directory docs]
Started [Remove unused directory lib]
Started [Remove unused directory public]
Succeeded [Migrate config.js to config.json]
Succeeded [Delete listen-on-port.js]
Succeeded [Delete server.js]
Succeeded [Delete VERSION.txt]
Succeeded [Delete Procfile]
Succeeded [Delete start.js]
Succeeded [Delete app/assets/sass/unbranded-ie8.scss]
Succeeded [Delete app/assets/sass/application-ie8.scss]
Succeeded [Deleted files that are no longer needed]
Found [// Add your routes here - above the module.exports line] in [app/routes.js], replacing
Started [Overwrite app/assets/javascripts/application.js]
Started [Overwrite app/filters.js]
Started [Overwrite app/views/layout.html]
Keeping these lines from old file
Found [// Add extra styles here, or re-organise the Sass files in whichever way makes most sense to you] in [app/assets/sass/application.scss], replacing
Copying from [node_modules/govuk-prototype-kit/prototype-starter/app/assets/javascripts/application.js] to [app/assets/javascripts/application.js]
Copying from [node_modules/govuk-prototype-kit/prototype-starter/app/filters.js] to [app/filters.js]
Started [Delete app/assets/images/separator-2x.png]
Copying from [node_modules/govuk-prototype-kit/prototype-starter/app/views/layouts/main.html] to [app/views/layout.html]
Started [Delete app/assets/images/separator.png]
Started [Delete app/assets/images/unbranded.ico]
Started [Delete app/assets/javascripts/auto-store-data.js]
Started [Delete app/assets/sass/unbranded.scss]
Started [Delete app/views/includes/breadcrumb_examples.html]
Started [Delete app/views/layout_unbranded.html]
Started [Delete app/assets/sass/patterns/_contents-list.scss]
Started [Delete app/assets/sass/patterns/_mainstream-guide.scss]
Started [Delete app/assets/sass/patterns/_pagination.scss]
Started [Delete app/assets/javascripts/jquery-1.11.3.js]
Started [Delete app/assets/sass/patterns/_related-items.scss]
Started [Delete app/assets/sass/patterns/_step-by-step-header.scss]
Started [Delete app/assets/sass/patterns/_step-by-step-nav.scss]
Started [Delete app/assets/sass/patterns/_task-list.scss]
Started [Delete app/assets/sass/patterns/_step-by-step-related.scss]
Keeping these lines from old file
Succeeded [Delete app/assets/images/separator-2x.png]
Succeeded [Delete app/assets/images/separator.png]
Succeeded [Delete app/assets/images/unbranded.ico]
Succeeded [Delete app/assets/javascripts/auto-store-data.js]
Succeeded [Delete app/assets/sass/unbranded.scss]
Succeeded [Delete app/views/includes/breadcrumb_examples.html]
Succeeded [Delete app/views/layout_unbranded.html]
Succeeded [Delete app/assets/sass/patterns/_contents-list.scss]
Succeeded [Delete app/assets/sass/patterns/_mainstream-guide.scss]
Succeeded [Delete app/assets/sass/patterns/_pagination.scss]
Succeeded [Delete app/assets/sass/patterns/_related-items.scss]
Succeeded [Delete app/assets/sass/patterns/_step-by-step-header.scss]
Succeeded [Delete app/assets/javascripts/jquery-1.11.3.js]
Succeeded [Delete app/assets/sass/patterns/_step-by-step-nav.scss]
Succeeded [Delete app/assets/sass/patterns/_task-list.scss]
Succeeded [Delete app/assets/sass/patterns/_step-by-step-related.scss]
Succeeded [Update application SCSS file]
//,// For guidance on how to create routes see:,// https://prototype-kit.service.gov.uk/docs/create-routes,//,,const govukPrototypeKit = require('govuk-prototype-kit'),const router = govukPrototypeKit.requests.setupRouter(),,// Add your routes here,,,module.exports = router,
Found [module.exports = router;,module.exports = router] in [app/routes.js], removing
Succeeded [Remove unused directory lib]
Succeeded [Remove unused directory public]
Succeeded [Update routes file]
Succeeded [Remove unused directory docs]
Succeeded [Deleted directories that are no longer needed]
Succeeded [Overwrite app/assets/javascripts/application.js]
Succeeded [Overwrite app/filters.js]
Started [Delete app/views/includes/head.html]
Started [Delete app/views/includes/scripts.html]
Succeeded [Delete app/views/includes/head.html]
Succeeded [Delete app/views/includes/scripts.html]
Started [Remove old pattern includes from application SCSS file]
Succeeded [Remove old pattern includes from application SCSS file]
Started [Remove empty directory app/assets/sass/patterns]
Started [Remove empty directory app/assets/images]
Started [Remove empty directory app/views/includes]
Skipped deleting app/assets/images
Skipped deleting app/views/includes
Succeeded [Remove empty directory app/assets/sass/patterns]
2023-07-19T12:51:27.946Z
cwd: ~/Projects/fpl-probate-prototypes
package: govuk-prototype-kit@13.2.1
argv: /usr/local/bin/node ~/Projects/fpl-probate-prototypes/node_modules/.bin/govuk-prototype-kit migrate
Started [Check migration is being applied to a pre v13 prototype]
Succeeded [Check migration is being applied to a pre v13 prototype]
2023-07-19T12:51:39.682Z
cwd: ~/Projects/fpl-probate-prototypes
package: govuk-prototype-kit@13.11.0
argv: /usr/local/bin/node ~/Projects/fpl-probate-prototypes/node_modules/.bin/govuk-prototype-kit migrate -- ~/Projects/fpl-probate-prototypes
Started [Migrate config.js to config.json]
Started [Update application SCSS file]
Started [Deleted files that are no longer needed]
Started [Deleted directories that are no longer needed]
Started [Delete listen-on-port.js]
Started [Delete server.js]
Started [Delete start.js]
Started [Delete VERSION.txt]
Started [Delete Procfile]
Started [Delete app/assets/sass/application-ie8.scss]
Started [Delete app/assets/sass/unbranded-ie8.scss]
Started [Remove unused directory docs]
Started [Remove unused directory lib]
Started [Remove unused directory public]
Succeeded [Migrate config.js to config.json]
Succeeded [Delete listen-on-port.js]
Succeeded [Delete server.js]
Succeeded [Delete start.js]
Succeeded [Delete app/assets/sass/application-ie8.scss]
Succeeded [Delete VERSION.txt]
Succeeded [Delete app/assets/sass/unbranded-ie8.scss]
Succeeded [Delete Procfile]
Succeeded [Deleted files that are no longer needed]
Found [// Add your routes here - above the module.exports line] in [app/routes.js], replacing
Started [Overwrite app/views/layout.html]
Started [Overwrite app/filters.js]
Started [Overwrite app/assets/javascripts/application.js]
Keeping these lines from old file
Copying from [node_modules/govuk-prototype-kit/prototype-starter/app/views/layouts/main.html] to [app/views/layout.html]
Found [// Add extra styles here, or re-organise the Sass files in whichever way makes most sense to you] in [app/assets/sass/application.scss], replacing
Copying from [node_modules/govuk-prototype-kit/prototype-starter/app/filters.js] to [app/filters.js]
Copying from [node_modules/govuk-prototype-kit/prototype-starter/app/assets/javascripts/application.js] to [app/assets/javascripts/application.js]
Started [Delete app/assets/images/separator-2x.png]
Started [Delete app/assets/javascripts/auto-store-data.js]
Started [Delete app/views/includes/breadcrumb_examples.html]
Started [Delete app/views/includes/head.html]
Started [Delete app/assets/images/unbranded.ico]
Started [Delete app/assets/sass/unbranded.scss]
Started [Delete app/assets/images/separator.png]
Started [Delete app/assets/javascripts/jquery-1.11.3.js]
Started [Delete app/views/includes/scripts.html]
Started [Delete app/views/layout_unbranded.html]
Started [Delete app/assets/sass/patterns/_contents-list.scss]
Started [Delete app/assets/sass/patterns/_pagination.scss]
Started [Delete app/assets/sass/patterns/_related-items.scss]
Started [Delete app/assets/sass/patterns/_step-by-step-header.scss]
Started [Delete app/assets/sass/patterns/_mainstream-guide.scss]
Started [Delete app/assets/sass/patterns/_step-by-step-related.scss]
Started [Delete app/assets/sass/patterns/_step-by-step-nav.scss]
Started [Delete app/assets/sass/patterns/_task-list.scss]
Keeping these lines from old file
Succeeded [Delete app/assets/images/separator-2x.png]
Succeeded [Delete app/assets/javascripts/auto-store-data.js]
Succeeded [Delete app/assets/images/unbranded.ico]
Succeeded [Delete app/assets/sass/unbranded.scss]
Succeeded [Delete app/assets/images/separator.png]
Succeeded [Delete app/views/includes/breadcrumb_examples.html]
Succeeded [Delete app/assets/javascripts/jquery-1.11.3.js]
Succeeded [Delete app/views/includes/head.html]
Succeeded [Delete app/assets/sass/patterns/_contents-list.scss]
Succeeded [Delete app/views/includes/scripts.html]
Succeeded [Delete app/views/layout_unbranded.html]
Succeeded [Delete app/assets/sass/patterns/_related-items.scss]
Succeeded [Delete app/assets/sass/patterns/_step-by-step-related.scss]
Succeeded [Delete app/assets/sass/patterns/_mainstream-guide.scss]
Succeeded [Delete app/assets/sass/patterns/_step-by-step-header.scss]
Succeeded [Delete app/assets/sass/patterns/_step-by-step-nav.scss]
Succeeded [Delete app/assets/sass/patterns/_pagination.scss]
Succeeded [Delete app/assets/sass/patterns/_task-list.scss]
Succeeded [Update application SCSS file]
//,// For guidance on how to create routes see:,// https://prototype-kit.service.gov.uk/docs/create-routes,//,,const govukPrototypeKit = require('govuk-prototype-kit'),const router = govukPrototypeKit.requests.setupRouter(),,// Add your routes here,,,module.exports = router,
Found [module.exports = router;,module.exports = router] in [app/routes.js], removing
Succeeded [Remove unused directory lib]
Succeeded [Remove unused directory public]
Succeeded [Overwrite app/filters.js]
Succeeded [Update routes file]
Succeeded [Remove unused directory docs]
Succeeded [Overwrite app/assets/javascripts/application.js]
Succeeded [Deleted directories that are no longer needed]
Succeeded [Overwrite app/views/layout.html]
Started [Remove old pattern includes from application SCSS file]
Succeeded [Remove old pattern includes from application SCSS file]
Started [Remove empty directory app/assets/images]
Started [Remove empty directory app/views/includes]
Started [Remove empty directory app/assets/sass/patterns]
Skipped deleting app/assets/images
Skipped deleting app/views/includes
Succeeded [Remove empty directory app/assets/sass/patterns]
